{"/app/src/index.js":{"path":"/app/src/index.js","s":{"1":63,"2":63,"3":63,"4":63,"5":63,"6":3,"7":2,"8":2,"9":3,"10":2,"11":2,"12":1,"13":1,"14":0,"15":52,"16":0,"17":52,"18":8,"19":1,"20":8,"21":52,"22":2,"23":1,"24":50,"25":52,"26":52,"27":7,"28":5,"29":7,"30":52,"31":2,"32":52,"33":32,"34":0,"35":32,"36":0,"37":32,"38":27,"39":22,"40":27,"41":27,"42":27,"43":9,"44":0,"45":9,"46":0,"47":9,"48":12,"49":12,"50":12,"51":6,"52":0,"53":6,"54":0,"55":6,"56":2,"57":4,"58":4,"59":3,"60":54,"61":0,"62":54,"63":36,"64":0,"65":36,"66":0,"67":5,"68":0,"69":5,"70":2,"71":2,"72":0,"73":2,"74":1,"75":49,"76":0,"77":49,"78":0,"79":49,"80":18,"81":18,"82":2,"83":16,"84":16,"85":64,"86":6,"87":5,"88":6,"89":1,"90":16,"91":1},"b":{"1":[2,1],"2":[2,0],"3":[1,0],"4":[0,52],"5":[8,44],"6":[8,0],"7":[2,50],"8":[52,6],"9":[5,2],"10":[2,50],"11":[0,32],"12":[0,32],"13":[22,5],"14":[32,27],"15":[0,9],"16":[0,9],"17":[9,9],"18":[0,6],"19":[0,6],"20":[2,4],"21":[4,4],"22":[0,54],"23":[0,36],"24":[0,5],"25":[5,0],"26":[0,2],"27":[0,49],"28":[0,49],"29":[2,16],"30":[5,1],"31":[1,5]},"f":{"1":63,"2":3,"3":52,"4":32,"5":9,"6":6,"7":54,"8":36,"9":0,"10":5,"11":2,"12":2,"13":49,"14":18,"15":18},"fnMap":{"1":{"name":"(anonymous_1)","line":10,"loc":{"start":{"line":10,"column":15},"end":{"line":10,"column":18}}},"2":{"name":"(anonymous_2)","line":45,"loc":{"start":{"line":45,"column":7},"end":{"line":45,"column":20}}},"3":{"name":"(anonymous_3)","line":70,"loc":{"start":{"line":70,"column":10},"end":{"line":70,"column":30}}},"4":{"name":"(anonymous_4)","line":113,"loc":{"start":{"line":113,"column":9},"end":{"line":113,"column":28}}},"5":{"name":"(anonymous_5)","line":147,"loc":{"start":{"line":147,"column":11},"end":{"line":147,"column":30}}},"6":{"name":"(anonymous_6)","line":177,"loc":{"start":{"line":177,"column":10},"end":{"line":177,"column":29}}},"7":{"name":"(anonymous_7)","line":205,"loc":{"start":{"line":205,"column":10},"end":{"line":205,"column":17}}},"8":{"name":"(anonymous_8)","line":219,"loc":{"start":{"line":219,"column":7},"end":{"line":219,"column":14}}},"9":{"name":"(anonymous_9)","line":236,"loc":{"start":{"line":236,"column":13},"end":{"line":236,"column":19}}},"10":{"name":"(anonymous_10)","line":246,"loc":{"start":{"line":246,"column":10},"end":{"line":246,"column":16}}},"11":{"name":"(anonymous_11)","line":260,"loc":{"start":{"line":260,"column":8},"end":{"line":260,"column":11}}},"12":{"name":"(anonymous_12)","line":270,"loc":{"start":{"line":270,"column":11},"end":{"line":270,"column":18}}},"13":{"name":"(anonymous_13)","line":284,"loc":{"start":{"line":284,"column":7},"end":{"line":284,"column":14}}},"14":{"name":"(anonymous_14)","line":300,"loc":{"start":{"line":300,"column":11},"end":{"line":300,"column":14}}},"15":{"name":"(anonymous_15)","line":316,"loc":{"start":{"line":316,"column":21},"end":{"line":316,"column":30}}}},"statementMap":{"1":{"start":{"line":15,"column":8},"end":{"line":15,"column":32}},"2":{"start":{"line":21,"column":8},"end":{"line":21,"column":32}},"3":{"start":{"line":27,"column":8},"end":{"line":27,"column":32}},"4":{"start":{"line":33,"column":8},"end":{"line":33,"column":32}},"5":{"start":{"line":35,"column":8},"end":{"line":35,"column":28}},"6":{"start":{"line":46,"column":8},"end":{"line":52,"column":9}},"7":{"start":{"line":47,"column":12},"end":{"line":47,"column":30}},"8":{"start":{"line":48,"column":12},"end":{"line":48,"column":70}},"9":{"start":{"line":48,"column":41},"end":{"line":48,"column":68}},"10":{"start":{"line":49,"column":12},"end":{"line":49,"column":28}},"11":{"start":{"line":51,"column":12},"end":{"line":51,"column":42}},"12":{"start":{"line":54,"column":8},"end":{"line":58,"column":9}},"13":{"start":{"line":55,"column":12},"end":{"line":55,"column":30}},"14":{"start":{"line":57,"column":12},"end":{"line":57,"column":30}},"15":{"start":{"line":71,"column":8},"end":{"line":73,"column":9}},"16":{"start":{"line":72,"column":12},"end":{"line":72,"column":94}},"17":{"start":{"line":75,"column":8},"end":{"line":81,"column":9}},"18":{"start":{"line":76,"column":12},"end":{"line":78,"column":15}},"19":{"start":{"line":77,"column":16},"end":{"line":77,"column":50}},"20":{"start":{"line":80,"column":12},"end":{"line":80,"column":37}},"21":{"start":{"line":83,"column":8},"end":{"line":87,"column":9}},"22":{"start":{"line":84,"column":12},"end":{"line":84,"column":47}},"23":{"start":{"line":84,"column":40},"end":{"line":84,"column":45}},"24":{"start":{"line":86,"column":12},"end":{"line":86,"column":41}},"25":{"start":{"line":89,"column":8},"end":{"line":89,"column":48}},"26":{"start":{"line":90,"column":8},"end":{"line":96,"column":11}},"27":{"start":{"line":91,"column":12},"end":{"line":93,"column":13}},"28":{"start":{"line":92,"column":16},"end":{"line":92,"column":48}},"29":{"start":{"line":95,"column":12},"end":{"line":95,"column":43}},"30":{"start":{"line":98,"column":8},"end":{"line":100,"column":9}},"31":{"start":{"line":99,"column":12},"end":{"line":99,"column":37}},"32":{"start":{"line":102,"column":8},"end":{"line":102,"column":20}},"33":{"start":{"line":114,"column":8},"end":{"line":116,"column":9}},"34":{"start":{"line":115,"column":12},"end":{"line":115,"column":93}},"35":{"start":{"line":118,"column":8},"end":{"line":120,"column":9}},"36":{"start":{"line":119,"column":12},"end":{"line":119,"column":84}},"37":{"start":{"line":122,"column":8},"end":{"line":136,"column":10}},"38":{"start":{"line":125,"column":16},"end":{"line":127,"column":17}},"39":{"start":{"line":126,"column":20},"end":{"line":126,"column":58}},"40":{"start":{"line":129,"column":16},"end":{"line":129,"column":55}},"41":{"start":{"line":131,"column":16},"end":{"line":131,"column":38}},"42":{"start":{"line":133,"column":16},"end":{"line":133,"column":32}},"43":{"start":{"line":148,"column":8},"end":{"line":150,"column":9}},"44":{"start":{"line":149,"column":12},"end":{"line":149,"column":95}},"45":{"start":{"line":152,"column":8},"end":{"line":154,"column":9}},"46":{"start":{"line":153,"column":12},"end":{"line":153,"column":86}},"47":{"start":{"line":156,"column":8},"end":{"line":166,"column":10}},"48":{"start":{"line":159,"column":16},"end":{"line":159,"column":44}},"49":{"start":{"line":161,"column":16},"end":{"line":161,"column":38}},"50":{"start":{"line":163,"column":16},"end":{"line":163,"column":32}},"51":{"start":{"line":178,"column":8},"end":{"line":180,"column":9}},"52":{"start":{"line":179,"column":12},"end":{"line":179,"column":94}},"53":{"start":{"line":182,"column":8},"end":{"line":184,"column":9}},"54":{"start":{"line":183,"column":12},"end":{"line":183,"column":85}},"55":{"start":{"line":186,"column":8},"end":{"line":188,"column":9}},"56":{"start":{"line":187,"column":12},"end":{"line":187,"column":72}},"57":{"start":{"line":190,"column":8},"end":{"line":190,"column":37}},"58":{"start":{"line":192,"column":8},"end":{"line":196,"column":10}},"59":{"start":{"line":194,"column":22},"end":{"line":194,"column":51}},"60":{"start":{"line":206,"column":8},"end":{"line":208,"column":9}},"61":{"start":{"line":207,"column":12},"end":{"line":207,"column":94}},"62":{"start":{"line":210,"column":8},"end":{"line":210,"column":37}},"63":{"start":{"line":220,"column":8},"end":{"line":222,"column":9}},"64":{"start":{"line":221,"column":12},"end":{"line":221,"column":91}},"65":{"start":{"line":224,"column":8},"end":{"line":224,"column":36}},"66":{"start":{"line":237,"column":8},"end":{"line":237,"column":32}},"67":{"start":{"line":247,"column":8},"end":{"line":249,"column":9}},"68":{"start":{"line":248,"column":12},"end":{"line":248,"column":94}},"69":{"start":{"line":251,"column":8},"end":{"line":251,"column":54}},"70":{"start":{"line":261,"column":8},"end":{"line":261,"column":46}},"71":{"start":{"line":271,"column":8},"end":{"line":273,"column":9}},"72":{"start":{"line":272,"column":12},"end":{"line":272,"column":86}},"73":{"start":{"line":275,"column":8},"end":{"line":275,"column":26}},"74":{"start":{"line":275,"column":21},"end":{"line":275,"column":25}},"75":{"start":{"line":285,"column":8},"end":{"line":287,"column":9}},"76":{"start":{"line":286,"column":12},"end":{"line":286,"column":91}},"77":{"start":{"line":289,"column":8},"end":{"line":291,"column":9}},"78":{"start":{"line":290,"column":12},"end":{"line":290,"column":65}},"79":{"start":{"line":293,"column":8},"end":{"line":293,"column":37}},"80":{"start":{"line":301,"column":8},"end":{"line":301,"column":48}},"81":{"start":{"line":317,"column":8},"end":{"line":319,"column":9}},"82":{"start":{"line":318,"column":12},"end":{"line":318,"column":26}},"83":{"start":{"line":321,"column":8},"end":{"line":322,"column":46}},"84":{"start":{"line":324,"column":8},"end":{"line":334,"column":11}},"85":{"start":{"line":325,"column":12},"end":{"line":333,"column":15}},"86":{"start":{"line":326,"column":16},"end":{"line":328,"column":17}},"87":{"start":{"line":327,"column":20},"end":{"line":327,"column":56}},"88":{"start":{"line":330,"column":16},"end":{"line":332,"column":17}},"89":{"start":{"line":331,"column":20},"end":{"line":331,"column":51}},"90":{"start":{"line":336,"column":8},"end":{"line":336,"column":36}},"91":{"start":{"line":340,"column":0},"end":{"line":340,"column":24}}},"branchMap":{"1":{"line":46,"type":"if","locations":[{"start":{"line":46,"column":8},"end":{"line":46,"column":8}},{"start":{"line":46,"column":8},"end":{"line":46,"column":8}}]},"2":{"line":47,"type":"binary-expr","locations":[{"start":{"line":47,"column":19},"end":{"line":47,"column":23}},{"start":{"line":47,"column":27},"end":{"line":47,"column":29}}]},"3":{"line":54,"type":"if","locations":[{"start":{"line":54,"column":8},"end":{"line":54,"column":8}},{"start":{"line":54,"column":8},"end":{"line":54,"column":8}}]},"4":{"line":71,"type":"if","locations":[{"start":{"line":71,"column":8},"end":{"line":71,"column":8}},{"start":{"line":71,"column":8},"end":{"line":71,"column":8}}]},"5":{"line":75,"type":"if","locations":[{"start":{"line":75,"column":8},"end":{"line":75,"column":8}},{"start":{"line":75,"column":8},"end":{"line":75,"column":8}}]},"6":{"line":76,"type":"binary-expr","locations":[{"start":{"line":76,"column":13},"end":{"line":76,"column":39}},{"start":{"line":76,"column":43},"end":{"line":76,"column":45}}]},"7":{"line":83,"type":"if","locations":[{"start":{"line":83,"column":8},"end":{"line":83,"column":8}},{"start":{"line":83,"column":8},"end":{"line":83,"column":8}}]},"8":{"line":89,"type":"binary-expr","locations":[{"start":{"line":89,"column":37},"end":{"line":89,"column":41}},{"start":{"line":89,"column":45},"end":{"line":89,"column":47}}]},"9":{"line":91,"type":"if","locations":[{"start":{"line":91,"column":12},"end":{"line":91,"column":12}},{"start":{"line":91,"column":12},"end":{"line":91,"column":12}}]},"10":{"line":98,"type":"if","locations":[{"start":{"line":98,"column":8},"end":{"line":98,"column":8}},{"start":{"line":98,"column":8},"end":{"line":98,"column":8}}]},"11":{"line":114,"type":"if","locations":[{"start":{"line":114,"column":8},"end":{"line":114,"column":8}},{"start":{"line":114,"column":8},"end":{"line":114,"column":8}}]},"12":{"line":118,"type":"if","locations":[{"start":{"line":118,"column":8},"end":{"line":118,"column":8}},{"start":{"line":118,"column":8},"end":{"line":118,"column":8}}]},"13":{"line":125,"type":"if","locations":[{"start":{"line":125,"column":16},"end":{"line":125,"column":16}},{"start":{"line":125,"column":16},"end":{"line":125,"column":16}}]},"14":{"line":135,"type":"binary-expr","locations":[{"start":{"line":135,"column":12},"end":{"line":135,"column":16}},{"start":{"line":135,"column":20},"end":{"line":135,"column":22}}]},"15":{"line":148,"type":"if","locations":[{"start":{"line":148,"column":8},"end":{"line":148,"column":8}},{"start":{"line":148,"column":8},"end":{"line":148,"column":8}}]},"16":{"line":152,"type":"if","locations":[{"start":{"line":152,"column":8},"end":{"line":152,"column":8}},{"start":{"line":152,"column":8},"end":{"line":152,"column":8}}]},"17":{"line":165,"type":"binary-expr","locations":[{"start":{"line":165,"column":12},"end":{"line":165,"column":16}},{"start":{"line":165,"column":20},"end":{"line":165,"column":22}}]},"18":{"line":178,"type":"if","locations":[{"start":{"line":178,"column":8},"end":{"line":178,"column":8}},{"start":{"line":178,"column":8},"end":{"line":178,"column":8}}]},"19":{"line":182,"type":"if","locations":[{"start":{"line":182,"column":8},"end":{"line":182,"column":8}},{"start":{"line":182,"column":8},"end":{"line":182,"column":8}}]},"20":{"line":186,"type":"if","locations":[{"start":{"line":186,"column":8},"end":{"line":186,"column":8}},{"start":{"line":186,"column":8},"end":{"line":186,"column":8}}]},"21":{"line":195,"type":"binary-expr","locations":[{"start":{"line":195,"column":12},"end":{"line":195,"column":16}},{"start":{"line":195,"column":20},"end":{"line":195,"column":46}}]},"22":{"line":206,"type":"if","locations":[{"start":{"line":206,"column":8},"end":{"line":206,"column":8}},{"start":{"line":206,"column":8},"end":{"line":206,"column":8}}]},"23":{"line":220,"type":"if","locations":[{"start":{"line":220,"column":8},"end":{"line":220,"column":8}},{"start":{"line":220,"column":8},"end":{"line":220,"column":8}}]},"24":{"line":247,"type":"if","locations":[{"start":{"line":247,"column":8},"end":{"line":247,"column":8}},{"start":{"line":247,"column":8},"end":{"line":247,"column":8}}]},"25":{"line":251,"type":"binary-expr","locations":[{"start":{"line":251,"column":26},"end":{"line":251,"column":46}},{"start":{"line":251,"column":50},"end":{"line":251,"column":52}}]},"26":{"line":271,"type":"if","locations":[{"start":{"line":271,"column":8},"end":{"line":271,"column":8}},{"start":{"line":271,"column":8},"end":{"line":271,"column":8}}]},"27":{"line":285,"type":"if","locations":[{"start":{"line":285,"column":8},"end":{"line":285,"column":8}},{"start":{"line":285,"column":8},"end":{"line":285,"column":8}}]},"28":{"line":289,"type":"if","locations":[{"start":{"line":289,"column":8},"end":{"line":289,"column":8}},{"start":{"line":289,"column":8},"end":{"line":289,"column":8}}]},"29":{"line":317,"type":"if","locations":[{"start":{"line":317,"column":8},"end":{"line":317,"column":8}},{"start":{"line":317,"column":8},"end":{"line":317,"column":8}}]},"30":{"line":326,"type":"if","locations":[{"start":{"line":326,"column":16},"end":{"line":326,"column":16}},{"start":{"line":326,"column":16},"end":{"line":326,"column":16}}]},"31":{"line":330,"type":"if","locations":[{"start":{"line":330,"column":16},"end":{"line":330,"column":16}},{"start":{"line":330,"column":16},"end":{"line":330,"column":16}}]}}},"/app/src/proxy.js":{"path":"/app/src/proxy.js","s":{"1":1,"2":1,"3":0,"4":1,"5":1,"6":16,"7":132,"8":5,"9":2,"10":3,"11":3,"12":5,"13":1,"14":16,"15":1},"b":{"1":[124,8],"2":[2,3],"3":[16,0]},"f":{"1":16},"fnMap":{"1":{"name":"(anonymous_1)","line":27,"loc":{"start":{"line":27,"column":15},"end":{"line":27,"column":24}}}},"statementMap":{"1":{"start":{"line":3,"column":0},"end":{"line":7,"column":1}},"2":{"start":{"line":4,"column":4},"end":{"line":4,"column":39}},"3":{"start":{"line":6,"column":4},"end":{"line":6,"column":120}},"4":{"start":{"line":9,"column":0},"end":{"line":9,"column":27}},"5":{"start":{"line":14,"column":0},"end":{"line":14,"column":26}},"6":{"start":{"line":28,"column":8},"end":{"line":46,"column":10}},"7":{"start":{"line":30,"column":16},"end":{"line":30,"column":72}},"8":{"start":{"line":34,"column":16},"end":{"line":36,"column":17}},"9":{"start":{"line":35,"column":20},"end":{"line":35,"column":77}},"10":{"start":{"line":38,"column":16},"end":{"line":38,"column":42}},"11":{"start":{"line":40,"column":16},"end":{"line":40,"column":28}},"12":{"start":{"line":43,"column":35},"end":{"line":43,"column":54}},"13":{"start":{"line":45,"column":34},"end":{"line":45,"column":39}},"14":{"start":{"line":48,"column":8},"end":{"line":48,"column":47}},"15":{"start":{"line":52,"column":0},"end":{"line":52,"column":29}}},"branchMap":{"1":{"line":30,"type":"cond-expr","locations":[{"start":{"line":30,"column":40},"end":{"line":30,"column":52}},{"start":{"line":30,"column":55},"end":{"line":30,"column":71}}]},"2":{"line":34,"type":"if","locations":[{"start":{"line":34,"column":16},"end":{"line":34,"column":16}},{"start":{"line":34,"column":16},"end":{"line":34,"column":16}}]},"3":{"line":48,"type":"binary-expr","locations":[{"start":{"line":48,"column":14},"end":{"line":48,"column":20}},{"start":{"line":48,"column":24},"end":{"line":48,"column":36}}]}}}}