TN:
SF:/app/src/index.js
FN:10,(anonymous_1)
FN:45,(anonymous_2)
FN:70,(anonymous_3)
FN:113,(anonymous_4)
FN:147,(anonymous_5)
FN:177,(anonymous_6)
FN:205,(anonymous_7)
FN:219,(anonymous_8)
FN:236,(anonymous_9)
FN:246,(anonymous_10)
FN:260,(anonymous_11)
FN:270,(anonymous_12)
FN:284,(anonymous_13)
FN:300,(anonymous_14)
FN:316,(anonymous_15)
FNF:15
FNH:14
FNDA:63,(anonymous_1)
FNDA:3,(anonymous_2)
FNDA:52,(anonymous_3)
FNDA:32,(anonymous_4)
FNDA:9,(anonymous_5)
FNDA:6,(anonymous_6)
FNDA:54,(anonymous_7)
FNDA:36,(anonymous_8)
FNDA:0,(anonymous_9)
FNDA:5,(anonymous_10)
FNDA:2,(anonymous_11)
FNDA:2,(anonymous_12)
FNDA:49,(anonymous_13)
FNDA:18,(anonymous_14)
FNDA:18,(anonymous_15)
DA:15,63
DA:21,63
DA:27,63
DA:33,63
DA:35,63
DA:46,3
DA:47,2
DA:48,3
DA:49,2
DA:51,2
DA:54,1
DA:55,1
DA:57,0
DA:71,52
DA:72,0
DA:75,52
DA:76,8
DA:77,1
DA:80,8
DA:83,52
DA:84,2
DA:86,50
DA:89,52
DA:90,52
DA:91,7
DA:92,5
DA:95,7
DA:98,52
DA:99,2
DA:102,52
DA:114,32
DA:115,0
DA:118,32
DA:119,0
DA:122,32
DA:125,27
DA:126,22
DA:129,27
DA:131,27
DA:133,27
DA:148,9
DA:149,0
DA:152,9
DA:153,0
DA:156,9
DA:159,12
DA:161,12
DA:163,12
DA:178,6
DA:179,0
DA:182,6
DA:183,0
DA:186,6
DA:187,2
DA:190,4
DA:192,4
DA:194,3
DA:206,54
DA:207,0
DA:210,54
DA:220,36
DA:221,0
DA:224,36
DA:237,0
DA:247,5
DA:248,0
DA:251,5
DA:261,2
DA:271,2
DA:272,0
DA:275,2
DA:285,49
DA:286,0
DA:289,49
DA:290,0
DA:293,49
DA:301,18
DA:317,18
DA:318,2
DA:321,16
DA:324,16
DA:325,64
DA:326,6
DA:327,5
DA:330,6
DA:331,1
DA:336,16
DA:340,1
LF:88
LH:73
BRDA:46,1,0,2
BRDA:46,1,1,1
BRDA:47,2,0,2
BRDA:47,2,1,0
BRDA:54,3,0,1
BRDA:54,3,1,0
BRDA:71,4,0,0
BRDA:71,4,1,52
BRDA:75,5,0,8
BRDA:75,5,1,44
BRDA:76,6,0,8
BRDA:76,6,1,0
BRDA:83,7,0,2
BRDA:83,7,1,50
BRDA:89,8,0,52
BRDA:89,8,1,6
BRDA:91,9,0,5
BRDA:91,9,1,2
BRDA:98,10,0,2
BRDA:98,10,1,50
BRDA:114,11,0,0
BRDA:114,11,1,32
BRDA:118,12,0,0
BRDA:118,12,1,32
BRDA:125,13,0,22
BRDA:125,13,1,5
BRDA:135,14,0,32
BRDA:135,14,1,27
BRDA:148,15,0,0
BRDA:148,15,1,9
BRDA:152,16,0,0
BRDA:152,16,1,9
BRDA:165,17,0,9
BRDA:165,17,1,9
BRDA:178,18,0,0
BRDA:178,18,1,6
BRDA:182,19,0,0
BRDA:182,19,1,6
BRDA:186,20,0,2
BRDA:186,20,1,4
BRDA:195,21,0,4
BRDA:195,21,1,4
BRDA:206,22,0,0
BRDA:206,22,1,54
BRDA:220,23,0,0
BRDA:220,23,1,36
BRDA:247,24,0,0
BRDA:247,24,1,5
BRDA:251,25,0,5
BRDA:251,25,1,0
BRDA:271,26,0,0
BRDA:271,26,1,2
BRDA:285,27,0,0
BRDA:285,27,1,49
BRDA:289,28,0,0
BRDA:289,28,1,49
BRDA:317,29,0,2
BRDA:317,29,1,16
BRDA:326,30,0,5
BRDA:326,30,1,1
BRDA:330,31,0,1
BRDA:330,31,1,5
BRF:62
BRH:45
end_of_record
TN:
SF:/app/src/proxy.js
FN:27,(anonymous_1)
FNF:1
FNH:1
FNDA:16,(anonymous_1)
DA:3,1
DA:4,1
DA:6,0
DA:9,1
DA:14,1
DA:28,16
DA:30,132
DA:34,5
DA:35,2
DA:38,3
DA:40,3
DA:43,5
DA:45,1
DA:48,16
DA:52,1
LF:15
LH:14
BRDA:30,1,0,124
BRDA:30,1,1,8
BRDA:34,2,0,2
BRDA:34,2,1,3
BRDA:48,3,0,16
BRDA:48,3,1,0
BRF:6
BRH:5
end_of_record
